Running in Lattice mode

Starting:    C:\lscc\diamond\3.12\synpbase\bin64\mbin\synbatch.exe
Install:     C:\lscc\diamond\3.12\synpbase
Hostname:    DESKTOP-B8KCQ2H
Date:        Fri Jun 14 14:18:28 2024
Version:     Q-2020.03L-SP1

Arguments:   -product synplify_pro -batch P3051_impl1_synplify.tcl
ProductType: synplify_pro




log file: "C:\Firmware\P3051\P3051\impl1\P3051_impl1.srr"
Running: hdl_info_gen in foreground

Generating HDL info...
Copied C:\Firmware\P3051\P3051\impl1\P3051_impl1.srr to C:\Firmware\P3051\P3051\impl1\P3051_impl1.srf

hdl_info_gen completed
# Fri Jun 14 14:18:29 2024

Return Code: 0
Run Time:00h:00m:01s
log file: "C:\Firmware\P3051\P3051\impl1\P3051_impl1.srr"
Running: impl1 in foreground

Running proj_1|impl1

Running Flow: compile (Compile) on proj_1|impl1
# Fri Jun 14 14:18:29 2024

Running Flow: compile_flow (Compile Process) on proj_1|impl1
# Fri Jun 14 14:18:29 2024

Running: compiler (Compile Input) on proj_1|impl1
# Fri Jun 14 14:18:29 2024
Copied C:\Firmware\P3051\P3051\impl1\synwork\P3051_impl1_comp.srs to C:\Firmware\P3051\P3051\impl1\P3051_impl1.srs

compiler completed
# Fri Jun 14 14:18:34 2024

Return Code: 0
Run Time:00h:00m:05s

Running: multi_srs_gen (Multi-srs Generator) on proj_1|impl1
# Fri Jun 14 14:18:34 2024

multi_srs_gen completed
# Fri Jun 14 14:18:35 2024

Return Code: 0
Run Time:00h:00m:01s
Copied C:\Firmware\P3051\P3051\impl1\synwork\P3051_impl1_mult.srs to C:\Firmware\P3051\P3051\impl1\P3051_impl1.srs
Copied C:\Firmware\P3051\P3051\impl1\P3051_impl1.srr to C:\Firmware\P3051\P3051\impl1\P3051_impl1.srf
Complete: Compile Process on proj_1|impl1

Running: premap (Premap) on proj_1|impl1
# Fri Jun 14 14:18:35 2024

premap completed with warnings
# Fri Jun 14 14:18:37 2024

Return Code: 1
Run Time:00h:00m:02s
Complete: Compile on proj_1|impl1

Running Flow: map (Map) on proj_1|impl1
# Fri Jun 14 14:18:37 2024

Running: fpga_mapper (Map & Optimize) on proj_1|impl1
# Fri Jun 14 14:18:37 2024
Copied C:\Firmware\P3051\P3051\impl1\synwork\P3051_impl1_m.srm to C:\Firmware\P3051\P3051\impl1\P3051_impl1.srm

fpga_mapper completed with warnings
# Fri Jun 14 14:18:50 2024

Return Code: 1
Run Time:00h:00m:13s
Complete: Map on proj_1|impl1
Copied C:\Firmware\P3051\P3051\impl1\P3051_impl1.srr to C:\Firmware\P3051\P3051\impl1\P3051_impl1.srf
Complete: Logic Synthesis on proj_1|impl1
TCL script complete: "P3051_impl1_synplify.tcl"
exit status=0
exit status=0
Save changes for project:
C:\Firmware\P3051\P3051\impl1\proj_1.prj
batch mode default:no
